Unity Editor version:    2022.3.25f1 (530ae0ba3889)
Branch:                  2022.3/staging
Build type:              Release
Batch mode:              YES
System name:             Linux
Distro version:          #1 SMP PREEMPT_DYNAMIC Tue, 07 May 2024 21:35:54 +0000
Kernel version:          6.8.9-arch1-2
Architecture:            x86_64
Available memory:        31840 MB
Using pre-set license
Pro License: YES

(Unity:88023): Gtk-CRITICAL **: 00:08:55.468: gtk_window_set_default_icon: assertion 'GDK_IS_PIXBUF (icon)' failed

(Unity:88023): GLib-GObject-CRITICAL **: 00:08:55.468: g_object_unref: assertion 'G_IS_OBJECT (object)' failed
Desktop is 3840 x 1440 @ 60 Hz
Initialize udev device monitor.

COMMAND LINE ARGUMENTS:
Unity
-adb2
-batchMode
-noUpm
-name
AssetImportWorker2
-projectPath
/home/technobuddha/Desktop/BGS-LSW_Clothes_Shop/Clothes_Shop
-logFile
Logs/AssetImportWorker2.log
-srvPort
33897
Successfully changed project path to: /home/technobuddha/Desktop/BGS-LSW_Clothes_Shop/Clothes_Shop
/home/technobuddha/Desktop/BGS-LSW_Clothes_Shop/Clothes_Shop
[UnityMemory] Configuration Parameters - Can be set up in boot.config
    "memorysetup-bucket-allocator-granularity=16"
    "memorysetup-bucket-allocator-bucket-count=8"
    "memorysetup-bucket-allocator-block-size=33554432"
    "memorysetup-bucket-allocator-block-count=8"
    "memorysetup-main-allocator-block-size=16777216"
    "memorysetup-thread-allocator-block-size=16777216"
    "memorysetup-gfx-main-allocator-block-size=16777216"
    "memorysetup-gfx-thread-allocator-block-size=16777216"
    "memorysetup-cache-allocator-block-size=4194304"
    "memorysetup-typetree-allocator-block-size=2097152"
    "memorysetup-profiler-bucket-allocator-granularity=16"
    "memorysetup-profiler-bucket-allocator-bucket-count=8"
    "memorysetup-profiler-bucket-allocator-block-size=33554432"
    "memorysetup-profiler-bucket-allocator-block-count=8"
    "memorysetup-profiler-allocator-block-size=16777216"
    "memorysetup-profiler-editor-allocator-block-size=1048576"
    "memorysetup-temp-allocator-size-main=16777216"
    "memorysetup-job-temp-allocator-block-size=2097152"
    "memorysetup-job-temp-allocator-block-size-background=1048576"
    "memorysetup-job-temp-allocator-reduction-small-platforms=262144"
    "memorysetup-allocator-temp-initial-block-size-main=262144"
    "memorysetup-allocator-temp-initial-block-size-worker=262144"
    "memorysetup-temp-allocator-size-background-worker=32768"
    "memorysetup-temp-allocator-size-job-worker=262144"
    "memorysetup-temp-allocator-size-preload-manager=33554432"
    "memorysetup-temp-allocator-size-nav-mesh-worker=65536"
    "memorysetup-temp-allocator-size-audio-worker=65536"
    "memorysetup-temp-allocator-size-cloud-worker=32768"
    "memorysetup-temp-allocator-size-gi-baking-worker=262144"
    "memorysetup-temp-allocator-size-gfx=262144"
Player connection [126556187661056] Host "[IP] 192.168.1.12 [Port] 0 [Flags] 2 [Guid] 3811024253 [EditorId] 3811024253 [Version] 1048832 [Id] LinuxEditor(16,192.168.1.12) [Debug] 1 [PackageName] LinuxEditor [ProjectName] Editor" joined multi-casting on [225.0.0.222:54997]...

Player connection [126556187661056] Host "[IP] 192.168.1.12 [Port] 0 [Flags] 2 [Guid] 3811024253 [EditorId] 3811024253 [Version] 1048832 [Id] LinuxEditor(16,192.168.1.12) [Debug] 1 [PackageName] LinuxEditor [ProjectName] Editor" joined alternative multi-casting on [225.0.0.222:34997]...

[Physics::Module] Initialized MultithreadedJobDispatcher with 15 workers.
Refreshing native plugins compatible for Editor in 12.19 ms, found 1 plugins.
Preloading 0 native plugins for Editor in 0.00 ms.
Initialize engine version: 2022.3.25f1 (530ae0ba3889)
[Subsystems] Discovering subsystems at path /home/technobuddha/Unity/Hub/Editor/2022.3.25f1/Editor/Data/Resources/UnitySubsystems
[Subsystems] Discovering subsystems at path /home/technobuddha/Desktop/BGS-LSW_Clothes_Shop/Clothes_Shop/Assets
GLX Extensions: GLX_ARB_get_proc_address GLX_ARB_multisample GLX_EXT_visual_info GLX_EXT_visual_rating GLX_EXT_import_context GLX_SGI_video_sync GLX_SGIX_fbconfig GLX_SGIX_pbuffer GLX_SGI_swap_control GLX_EXT_swap_control GLX_EXT_swap_control_tear GLX_EXT_buffer_age GLX_ARB_create_context GLX_ARB_create_context_profile GLX_NV_float_buffer GLX_ARB_fbconfig_float GLX_EXT_texture_from_pixmap GLX_EXT_framebuffer_sRGB GLX_NV_copy_image GLX_EXT_create_context_es_profile GLX_EXT_create_context_es2_profile GLX_ARB_create_context_no_error GLX_ARB_create_context_robustness GLX_NV_delay_before_swap GLX_EXT_stereo_tree GLX_ARB_context_flush_control GLX_NV_robustness_video_memory_purge GLX_NV_multigpu_context 
Renderer: NVIDIA GeForce RTX 4060 Ti/PCIe/SSE2
Vendor:   NVIDIA Corporation
Version:  4.5.0 NVIDIA 550.78
GLES:     0
 GL_AMD_multi_draw_indirect GL_AMD_seamless_cubemap_per_texture GL_AMD_vertex_shader_viewport_index GL_AMD_vertex_shader_layer GL_ARB_arrays_of_arrays GL_ARB_base_instance GL_ARB_bindless_texture GL_ARB_blend_func_extended GL_ARB_buffer_storage GL_ARB_clear_buffer_object GL_ARB_clear_texture GL_ARB_clip_control GL_ARB_color_buffer_float GL_ARB_compressed_texture_pixel_storage GL_ARB_conservative_depth GL_ARB_compute_shader GL_ARB_compute_variable_group_size GL_ARB_conditional_render_inverted GL_ARB_copy_buffer GL_ARB_copy_image GL_ARB_cull_distance GL_ARB_debug_output GL_ARB_depth_buffer_float GL_ARB_depth_clamp GL_ARB_depth_texture GL_ARB_derivative_control GL_ARB_direct_state_access GL_ARB_draw_buffers GL_ARB_draw_buffers_blend GL_ARB_draw_indirect GL_ARB_draw_elements_base_vertex GL_ARB_draw_instanced GL_ARB_enhanced_layouts GL_ARB_ES2_compatibility GL_ARB_ES3_compatibility GL_ARB_ES3_1_compatibility GL_ARB_ES3_2_compatibility GL_ARB_explicit_attrib_location GL_ARB_explicit_uniform_location GL_ARB_fragmen
t_coord_conventions GL_ARB_fragment_layer_viewport GL_ARB_fragment_program GL_ARB_fragment_program_shadow GL_ARB_fragment_shader GL_ARB_fragment_shader_interlock GL_ARB_framebuffer_no_attachments GL_ARB_framebuffer_object GL_ARB_framebuffer_sRGB GL_ARB_geometry_shader4 GL_ARB_get_program_binary GL_ARB_get_texture_sub_image GL_ARB_gl_spirv GL_ARB_gpu_shader5 GL_ARB_gpu_shader_fp64 GL_ARB_gpu_shader_int64 GL_ARB_half_float_pixel GL_ARB_half_float_vertex GL_ARB_imaging GL_ARB_indirect_parameters GL_ARB_instanced_arrays GL_ARB_internalformat_query GL_ARB_internalformat_query2 GL_ARB_invalidate_subdata GL_ARB_map_buffer_alignment GL_ARB_map_buffer_range GL_ARB_multi_bind GL_ARB_multi_draw_indirect GL_ARB_multisample GL_ARB_multitexture GL_ARB_occlusion_query GL_ARB_occlusion_query2 GL_ARB_parallel_shader_compile GL_ARB_pipeline_statistics_query GL_ARB_pixel_buffer_object GL_ARB_point_parameters GL_ARB_point_sprite GL_ARB_polygon_offset_clamp GL_ARB_post_depth_coverage GL_ARB_program_interface_query GL_ARB_provoki
ng_vertex GL_ARB_query_buffer_object GL_ARB_robust_buffer_access_behavior GL_ARB_robustness GL_ARB_sample_locations GL_ARB_sample_shading GL_ARB_sampler_objects GL_ARB_seamless_cube_map GL_ARB_seamless_cubemap_per_texture GL_ARB_separate_shader_objects GL_ARB_shader_atomic_counter_ops GL_ARB_shader_atomic_counters GL_ARB_shader_ballot GL_ARB_shader_bit_encoding GL_ARB_shader_clock GL_ARB_shader_draw_parameters GL_ARB_shader_group_vote GL_ARB_shader_image_load_store GL_ARB_shader_image_size GL_ARB_shader_objects GL_ARB_shader_precision GL_ARB_shader_storage_buffer_object GL_ARB_shader_subroutine GL_ARB_shader_texture_image_samples GL_ARB_shader_texture_lod GL_ARB_shading_language_100 GL_ARB_shader_viewport_layer_array GL_ARB_shading_language_420pack GL_ARB_shading_language_include GL_ARB_shading_language_packing GL_ARB_shadow GL_ARB_sparse_buffer GL_ARB_sparse_texture GL_ARB_sparse_texture2 GL_ARB_sparse_texture_clamp GL_ARB_spirv_extensions GL_ARB_stencil_texturing GL_ARB_sync GL_ARB_tessellation_shader GL_A
RB_texture_barrier GL_ARB_texture_border_clamp GL_ARB_texture_buffer_object GL_ARB_texture_buffer_object_rgb32 GL_ARB_texture_buffer_range GL_ARB_texture_compression GL_ARB_texture_compression_bptc GL_ARB_texture_compression_rgtc GL_ARB_texture_cube_map GL_ARB_texture_cube_map_array GL_ARB_texture_env_add GL_ARB_texture_env_combine GL_ARB_texture_env_crossbar GL_ARB_texture_env_dot3 GL_ARB_texture_filter_anisotropic GL_ARB_texture_filter_minmax GL_ARB_texture_float GL_ARB_texture_gather GL_ARB_texture_mirror_clamp_to_edge GL_ARB_texture_mirrored_repeat GL_ARB_texture_multisample GL_ARB_texture_non_power_of_two GL_ARB_texture_query_levels GL_ARB_texture_query_lod GL_ARB_texture_rectangle GL_ARB_texture_rg GL_ARB_texture_rgb10_a2ui GL_ARB_texture_stencil8 GL_ARB_texture_storage GL_ARB_texture_storage_multisample GL_ARB_texture_swizzle GL_ARB_texture_view GL_ARB_timer_query GL_ARB_transform_feedback2 GL_ARB_transform_feedback3 GL_ARB_transform_feedback_instanced GL_ARB_transform_feedback_overflow_query GL_ARB_t
ranspose_matrix GL_ARB_uniform_buffer_object GL_ARB_vertex_array_bgra GL_ARB_vertex_array_object GL_ARB_vertex_attrib_64bit GL_ARB_vertex_attrib_binding GL_ARB_vertex_buffer_object GL_ARB_vertex_program GL_ARB_vertex_shader GL_ARB_vertex_type_10f_11f_11f_rev GL_ARB_vertex_type_2_10_10_10_rev GL_ARB_viewport_array GL_ARB_window_pos GL_ATI_draw_buffers GL_ATI_texture_float GL_ATI_texture_mirror_once GL_S3_s3tc GL_EXT_texture_env_add GL_EXT_abgr GL_EXT_bgra GL_EXT_bindable_uniform GL_EXT_blend_color GL_EXT_blend_equation_separate GL_EXT_blend_func_separate GL_EXT_blend_minmax GL_EXT_blend_subtract GL_EXT_compiled_vertex_array GL_EXT_Cg_shader GL_EXT_depth_bounds_test GL_EXT_direct_state_access GL_EXT_draw_buffers2 GL_EXT_draw_instanced GL_EXT_draw_range_elements GL_EXT_fog_coord GL_EXT_framebuffer_blit GL_EXT_framebuffer_multisample GL_EXTX_framebuffer_mixed_formats GL_EXT_framebuffer_multisample_blit_scaled GL_EXT_framebuffer_object GL_EXT_framebuffer_sRGB GL_EXT_geometry_shader4 GL_EXT_gpu_program_parameters 
GL_EXT_gpu_shader4 GL_EXT_multi_draw_arrays GL_EXT_multiview_texture_multisample GL_EXT_multiview_timer_query GL_EXT_packed_depth_stencil GL_EXT_packed_float GL_EXT_packed_pixels GL_EXT_pixel_buffer_object GL_EXT_point_parameters GL_EXT_polygon_offset_clamp GL_EXT_post_depth_coverage GL_EXT_provoking_vertex GL_EXT_raster_multisample GL_EXT_rescale_normal GL_EXT_secondary_color GL_EXT_separate_shader_objects GL_EXT_separate_specular_color GL_EXT_shader_image_load_formatted GL_EXT_shader_image_load_store GL_EXT_shader_integer_mix GL_EXT_shadow_funcs GL_EXT_sparse_texture2 GL_EXT_stencil_two_side GL_EXT_stencil_wrap GL_EXT_texture3D GL_EXT_texture_array GL_EXT_texture_buffer_object GL_EXT_texture_compression_dxt1 GL_EXT_texture_compression_latc GL_EXT_texture_compression_rgtc GL_EXT_texture_compression_s3tc GL_EXT_texture_cube_map GL_EXT_texture_edge_clamp GL_EXT_texture_env_combine GL_EXT_texture_env_dot3 GL_EXT_texture_filter_anisotropic GL_EXT_texture_filter_minmax GL_EXT_texture_integer GL_EXT_texture_lod G
L_EXT_texture_lod_bias GL_EXT_texture_mirror_clamp GL_EXT_texture_object GL_EXT_texture_shadow_lod GL_EXT_texture_shared_exponent GL_EXT_texture_sRGB GL_EXT_texture_sRGB_R8 GL_EXT_texture_sRGB_decode GL_EXT_texture_storage GL_EXT_texture_swizzle GL_EXT_timer_query GL_EXT_transform_feedback2 GL_EXT_vertex_array GL_EXT_vertex_array_bgra GL_EXT_vertex_attrib_64bit GL_EXT_window_rectangles GL_EXT_x11_sync_object GL_EXT_import_sync_object GL_NV_robustness_video_memory_purge GL_IBM_rasterpos_clip GL_IBM_texture_mirrored_repeat GL_KHR_context_flush_control GL_KHR_debug GL_EXT_memory_object GL_EXT_memory_object_fd GL_NV_memory_object_sparse GL_KHR_parallel_shader_compile GL_KHR_no_error GL_KHR_robust_buffer_access_behavior GL_KHR_robustness GL_EXT_semaphore GL_EXT_semaphore_fd GL_NV_timeline_semaphore GL_KHR_shader_subgroup GL_KTX_buffer_region GL_NV_alpha_to_coverage_dither_control GL_NV_bindless_multi_draw_indirect GL_NV_bindless_multi_draw_indirect_count GL_NV_bindless_texture GL_NV_blend_equation_advanced GL_NV_
blend_equation_advanced_coherent GL_NVX_blend_equation_advanced_multi_draw_buffers GL_NV_blend_minmax_factor GL_NV_blend_square GL_NV_clip_space_w_scaling GL_NV_command_list GL_NV_compute_program5 GL_NV_compute_shader_derivatives GL_NV_conditional_render GL_NV_conservative_raster GL_NV_conservative_raster_dilate GL_NV_conservative_raster_pre_snap GL_NV_conservative_raster_pre_snap_triangles GL_NV_conservative_raster_underestimation GL_NV_copy_depth_to_color GL_NV_copy_image GL_NV_depth_buffer_float GL_NV_depth_clamp GL_NV_draw_texture GL_NV_draw_vulkan_image GL_NV_ES1_1_compatibility GL_NV_ES3_1_compatibility GL_NV_explicit_multisample GL_NV_feature_query GL_NV_fence GL_NV_fill_rectangle GL_NV_float_buffer GL_NV_fog_distance GL_NV_fragment_coverage_to_color GL_NV_fragment_program GL_NV_fragment_program_option GL_NV_fragment_program2 GL_NV_fragment_shader_barycentric GL_NV_fragment_shader_interlock GL_NV_framebuffer_mixed_samples GL_NV_framebuffer_multisample_coverage GL_NV_geometry_shader4 GL_NV_geometry_sha
der_passthrough GL_NV_gpu_program4 GL_NV_internalformat_sample_query GL_NV_gpu_program4_1 GL_NV_gpu_program5 GL_NV_gpu_program5_mem_extended GL_NV_gpu_program_fp64 GL_NV_gpu_shader5 GL_NV_half_float GL_NV_light_max_exponent GL_NV_memory_attachment GL_NV_mesh_shader GL_NV_multisample_coverage GL_NV_multisample_filter_hint GL_NV_occlusion_query GL_NV_packed_depth_stencil GL_NV_parameter_buffer_object GL_NV_parameter_buffer_object2 GL_NV_path_rendering GL_NV_path_rendering_shared_edge GL_NV_pixel_data_range GL_NV_point_sprite GL_NV_primitive_restart GL_NV_primitive_shading_rate GL_NV_query_resource GL_NV_query_resource_tag GL_NV_register_combiners GL_NV_register_combiners2 GL_NV_representative_fragment_test GL_NV_sample_locations GL_NV_sample_mask_override_coverage GL_NV_scissor_exclusive GL_NV_shader_atomic_counters GL_NV_shader_atomic_float GL_NV_shader_atomic_float64 GL_NV_shader_atomic_fp16_vector GL_NV_shader_atomic_int64 GL_NV_shader_buffer_load GL_NV_shader_storage_buffer_object GL_NV_shader_subgroup_par
titioned GL_NV_shader_texture_footprint GL_NV_shading_rate_image GL_NV_stereo_view_rendering GL_NV_texgen_reflection GL_NV_texture_barrier GL_NV_texture_compression_vtc GL_NV_texture_dirty_tile_map GL_NV_texture_env_combine4 GL_NV_texture_multisample GL_NV_texture_rectangle GL_NV_texture_rectangle_compressed GL_NV_texture_shader GL_NV_texture_shader2 GL_NV_texture_shader3 GL_NV_transform_feedback GL_NV_transform_feedback2 GL_NV_uniform_buffer_unified_memory GL_NV_uniform_buffer_std430_layout GL_NV_vdpau_interop GL_NV_vdpau_interop2 GL_NV_vertex_array_range GL_NV_vertex_array_range2 GL_NV_vertex_attrib_integer_64bit GL_NV_vertex_buffer_unified_memory GL_NV_vertex_program GL_NV_vertex_program1_1 GL_NV_vertex_program2 GL_NV_vertex_program2_option GL_NV_vertex_program3 GL_NV_viewport_array2 GL_NV_viewport_swizzle GL_NVX_conditional_render GL_NV_gpu_multicast GL_NVX_progress_fence GL_NVX_gpu_memory_info GL_NVX_nvenc_interop GL_NV_shader_thread_group GL_NV_shader_thread_shuffle GL_KHR_blend_equation_advanced GL_KH
R_blend_equation_advanced_coherent GL_OVR_multiview GL_OVR_multiview2 GL_SGIS_generate_mipmap GL_SGIS_texture_lod GL_SGIX_depth_texture GL_SGIX_shadow GL_SUN_slice_accum
OPENGL LOG: Creating OpenGL 4.5 graphics device ; Context level  <OpenGL 4.5> ; Context handle 1611196584
Initialize mono
Mono path[0] = '/home/technobuddha/Unity/Hub/Editor/2022.3.25f1/Editor/Data/Managed'
Mono path[1] = '/home/technobuddha/Unity/Hub/Editor/2022.3.25f1/Editor/Data/MonoBleedingEdge/lib/mono/unityjit-linux'
Mono config path = '/home/technobuddha/Unity/Hub/Editor/2022.3.25f1/Editor/Data/MonoBleedingEdge/etc'
Using monoOptions --debugger-agent=transport=dt_socket,embedding=1,server=y,suspend=n,address=127.0.0.1:56023
Begin MonoManager ReloadAssembly
Registering precompiled unity dll's ...
Register platform support module: /home/technobuddha/Unity/Hub/Editor/2022.3.25f1/Editor/Data/PlaybackEngines/LinuxStandaloneSupport/UnityEditor.LinuxStandalone.Extensions.dll
Registered in 0.004453 seconds.
- Loaded All Assemblies, in  0.295 seconds
Native extension for LinuxStandalone target not found
Mono: successfully reloaded assembly
- Finished resetting the current domain, in  0.205 seconds
Domain Reload Profiling: 500ms
	BeginReloadAssembly (116ms)
		ExecutionOrderSort (0ms)
		DisableScriptedObjects (0ms)
		BackupInstance (0ms)
		ReleaseScriptingObjects (0ms)
		CreateAndSetChildDomain (1ms)
	RebuildCommonClasses (28ms)
	RebuildNativeTypeToScriptingClass (5ms)
	initialDomainReloadingComplete (44ms)
	LoadAllAssembliesAndSetupDomain (102ms)
		LoadAssemblies (116ms)
		RebuildTransferFunctionScriptingTraits (0ms)
		AnalyzeDomain (100ms)
			TypeCache.Refresh (99ms)
				TypeCache.ScanAssembly (89ms)
			ScanForSourceGeneratedMonoScriptInfo (0ms)
			ResolveRequiredComponents (1ms)
	FinalizeReload (205ms)
		ReleaseScriptCaches (0ms)
		RebuildScriptCaches (0ms)
		SetupLoadedEditorAssemblies (163ms)
			LogAssemblyErrors (0ms)
			InitializePlatformSupportModulesInManaged (6ms)
			SetLoadedEditorAssemblies (5ms)
			RefreshPlugins (0ms)
			BeforeProcessingInitializeOnLoad (2ms)
			ProcessInitializeOnLoadAttributes (113ms)
			ProcessInitializeOnLoadMethodAttributes (36ms)
			AfterProcessingInitializeOnLoad (0ms)
			EditorAssembliesLoaded (0ms)
		ExecutionOrderSort2 (0ms)
		AwakeInstancesAfterBackupRestoration (0ms)
========================================================================
Worker process is ready to serve import requests
Begin MonoManager ReloadAssembly
- Loaded All Assemblies, in  0.544 seconds
Refreshing native plugins compatible for Editor in 1.07 ms, found 1 plugins.
Native extension for LinuxStandalone target not found
Package Manager log level set to [2]
[Package Manager] Server::EnsureServerProcessIsRunning -- launch failed, reason: Unity was launched with the -noUpm command-line argument
[Package Manager] UpmClient::Send -- Unable to send message (not connected to UPM process).
[Package Manager] Cannot connect to Unity Package Manager local server
Mono: successfully reloaded assembly
- Finished resetting the current domain, in  0.587 seconds
Domain Reload Profiling: 1129ms
	BeginReloadAssembly (80ms)
		ExecutionOrderSort (0ms)
		DisableScriptedObjects (4ms)
		BackupInstance (0ms)
		ReleaseScriptingObjects (0ms)
		CreateAndSetChildDomain (15ms)
	RebuildCommonClasses (23ms)
	RebuildNativeTypeToScriptingClass (5ms)
	initialDomainReloadingComplete (30ms)
	LoadAllAssembliesAndSetupDomain (405ms)
		LoadAssemblies (285ms)
		RebuildTransferFunctionScriptingTraits (0ms)
		AnalyzeDomain (157ms)
			TypeCache.Refresh (128ms)
				TypeCache.ScanAssembly (117ms)
			ScanForSourceGeneratedMonoScriptInfo (20ms)
			ResolveRequiredComponents (8ms)
	FinalizeReload (587ms)
		ReleaseScriptCaches (0ms)
		RebuildScriptCaches (0ms)
		SetupLoadedEditorAssemblies (464ms)
			LogAssemblyErrors (0ms)
			InitializePlatformSupportModulesInManaged (4ms)
			SetLoadedEditorAssemblies (3ms)
			RefreshPlugins (0ms)
			BeforeProcessingInitializeOnLoad (48ms)
			ProcessInitializeOnLoadAttributes (350ms)
			ProcessInitializeOnLoadMethodAttributes (56ms)
			AfterProcessingInitializeOnLoad (2ms)
			EditorAssembliesLoaded (0ms)
		ExecutionOrderSort2 (0ms)
		AwakeInstancesAfterBackupRestoration (3ms)
Launched and connected shader compiler UnityShaderCompiler after 0.04 seconds
Refreshing native plugins compatible for Editor in 1.06 ms, found 1 plugins.
Preloading 0 native plugins for Editor in 0.00 ms.
Unloading 5647 Unused Serialized files (Serialized files now loaded: 0)
Unloading 85 unused Assets / (488.3 KB). Loaded Objects now: 6105.
Memory consumption went from 212.5 MB to 212.0 MB.
Total: 7.550083 ms (FindLiveObjects: 0.269349 ms CreateObjectMapping: 0.212948 ms MarkObjects: 6.566601 ms  DeleteObjects: 0.500107 ms)

AssetImportParameters requested are different than current active one (requested -> active):
  custom:container-demuxer-ogg: 62fdf1f143b41e24485cea50d1cbac27 -> 
  custom:video-decoder-ogg-theora: a1e56fd34408186e4bbccfd4996cb3dc -> 
  custom:CustomObjectIndexerAttribute: f3847dcb39c2a616e8d79845aaae36f1 -> 
  custom:container-demuxer-webm: 4f35f7cbe854078d1ac9338744f61a02 -> 
  custom:container-muxer-webm: aa71ff27fc2769a1b78a27578f13a17b -> 
  custom:video-decoder-webm-vp8: 9c59270c3fd7afecdb556c50c9e8de78 -> 
  custom:SearchIndexIgnoredProperties: e643bd26f0fe6173181afceb89e7c659 -> 
  custom:AudioImporter_EditorPlatform: 2f0ff77a95e0ac474e3e8eeba4e2f7cb -> 
  custom:video-encoder-webm-vp8: eb34c28f22e8b96e1ab97ce403110664 -> 
  custom:audio-decoder-ogg-vorbis: bf7c407c2cedff20999df2af8eb42d56 -> 
  custom:audio-encoder-webm-vorbis: bf7c407c2cedff20999df2af8eb42d56 -> 
========================================================================
Received Import Request.
  Time since last request: 27486.111240 seconds.
  path: Assets/_Art/Sprites/Characters/Player.png
  artifactKey: Guid(f2317d445b014e8988fe9586c7c10fb6) Importer(815301076,1909f56bfc062723c751e8b465ee728b)
Start importing Assets/_Art/Sprites/Characters/Player.png using Guid(f2317d445b014e8988fe9586c7c10fb6) Importer(815301076,1909f56bfc062723c751e8b465ee728b)  -> (artifact id: 'a810e207df80265fe8037cf1a9714fb1') in 0.070039 seconds
Number of updated asset objects reloaded before import = 0
Number of asset objects unloaded after import = 3
========================================================================
Received Import Request.
  Time since last request: 341.239015 seconds.
  path: Assets/Settings/Rendering/Render_Pipeline_Asset.asset
  artifactKey: Guid(681886c5eb7344803b6206f758bf0b1c) Importer(815301076,1909f56bfc062723c751e8b465ee728b)
Start importing Assets/Settings/Rendering/Render_Pipeline_Asset.asset using Guid(681886c5eb7344803b6206f758bf0b1c) Importer(815301076,1909f56bfc062723c751e8b465ee728b)  -> (artifact id: 'ce2c3df5d402424017013fa8a5bc93e2') in 0.000605 seconds
Number of updated asset objects reloaded before import = 0
Number of asset objects unloaded after import = 0
========================================================================
Received Import Request.
  Time since last request: 14.149294 seconds.
  path: Assets/Settings/Rendering/2D_Renderer.asset
  artifactKey: Guid(424799608f7334c24bf367e4bbfa7f9a) Importer(815301076,1909f56bfc062723c751e8b465ee728b)
Start importing Assets/Settings/Rendering/2D_Renderer.asset using Guid(424799608f7334c24bf367e4bbfa7f9a) Importer(815301076,1909f56bfc062723c751e8b465ee728b)  -> (artifact id: 'fcca7e4631afc770ae5b502d98bbf08c') in 0.000493 seconds
Number of updated asset objects reloaded before import = 0
Number of asset objects unloaded after import = 0
========================================================================
Received Import Request.
  Time since last request: 537.791554 seconds.
  path: Assets/_Art/Sprites/Characters/Player.png
  artifactKey: Guid(f2317d445b014e8988fe9586c7c10fb6) Importer(815301076,1909f56bfc062723c751e8b465ee728b)
Start importing Assets/_Art/Sprites/Characters/Player.png using Guid(f2317d445b014e8988fe9586c7c10fb6) Importer(815301076,1909f56bfc062723c751e8b465ee728b)  -> (artifact id: '1c26f9f93e3b6a48521b9d47c8083af6') in 0.012073 seconds
Number of updated asset objects reloaded before import = 1
Number of asset objects unloaded after import = 3
========================================================================
Received Import Request.
  Time since last request: 3.826147 seconds.
  path: Assets/_Art/Sprites/Characters/Player.png
  artifactKey: Guid(f2317d445b014e8988fe9586c7c10fb6) Importer(815301076,1909f56bfc062723c751e8b465ee728b)
Start importing Assets/_Art/Sprites/Characters/Player.png using Guid(f2317d445b014e8988fe9586c7c10fb6) Importer(815301076,1909f56bfc062723c751e8b465ee728b)  -> (artifact id: '9e9dbb1335a0051552f08b98d199c23f') in 0.010716 seconds
Number of updated asset objects reloaded before import = 0
Number of asset objects unloaded after import = 3
========================================================================
Received Import Request.
  Time since last request: 5.445141 seconds.
  path: Assets/_Art/Sprites/Characters/Player.png
  artifactKey: Guid(f2317d445b014e8988fe9586c7c10fb6) Importer(815301076,1909f56bfc062723c751e8b465ee728b)
Start importing Assets/_Art/Sprites/Characters/Player.png using Guid(f2317d445b014e8988fe9586c7c10fb6) Importer(815301076,1909f56bfc062723c751e8b465ee728b)  -> (artifact id: 'e79f98d03e8bab63f11768dfff70baf8') in 0.005692 seconds
Number of updated asset objects reloaded before import = 0
Number of asset objects unloaded after import = 3
========================================================================
Received Prepare
Begin MonoManager ReloadAssembly
- Loaded All Assemblies, in  0.320 seconds
Refreshing native plugins compatible for Editor in 1.05 ms, found 1 plugins.
Native extension for LinuxStandalone target not found
[Package Manager] Server::EnsureServerProcessIsRunning -- launch failed, reason: Unity was launched with the -noUpm command-line argument
[Package Manager] UpmClient::Send -- Unable to send message (not connected to UPM process).
[Package Manager] Cannot connect to Unity Package Manager local server
Mono: successfully reloaded assembly
- Finished resetting the current domain, in  0.741 seconds
Domain Reload Profiling: 1060ms
	BeginReloadAssembly (108ms)
		ExecutionOrderSort (0ms)
		DisableScriptedObjects (8ms)
		BackupInstance (0ms)
		ReleaseScriptingObjects (0ms)
		CreateAndSetChildDomain (36ms)
	RebuildCommonClasses (23ms)
	RebuildNativeTypeToScriptingClass (5ms)
	initialDomainReloadingComplete (19ms)
	LoadAllAssembliesAndSetupDomain (163ms)
		LoadAssemblies (170ms)
		RebuildTransferFunctionScriptingTraits (0ms)
		AnalyzeDomain (33ms)
			TypeCache.Refresh (7ms)
				TypeCache.ScanAssembly (0ms)
			ScanForSourceGeneratedMonoScriptInfo (17ms)
			ResolveRequiredComponents (8ms)
	FinalizeReload (741ms)
		ReleaseScriptCaches (0ms)
		RebuildScriptCaches (0ms)
		SetupLoadedEditorAssemblies (431ms)
			LogAssemblyErrors (0ms)
			InitializePlatformSupportModulesInManaged (4ms)
			SetLoadedEditorAssemblies (4ms)
			RefreshPlugins (0ms)
			BeforeProcessingInitializeOnLoad (52ms)
			ProcessInitializeOnLoadAttributes (320ms)
			ProcessInitializeOnLoadMethodAttributes (48ms)
			AfterProcessingInitializeOnLoad (2ms)
			EditorAssembliesLoaded (0ms)
		ExecutionOrderSort2 (0ms)
		AwakeInstancesAfterBackupRestoration (8ms)
Refreshing native plugins compatible for Editor in 1.08 ms, found 1 plugins.
Preloading 0 native plugins for Editor in 0.00 ms.
Unloading 5494 Unused Serialized files (Serialized files now loaded: 0)
Unloading 49 unused Assets / (468.4 KB). Loaded Objects now: 6117.
Memory consumption went from 189.7 MB to 189.3 MB.
Total: 3.761841 ms (FindLiveObjects: 0.294461 ms CreateObjectMapping: 0.200056 ms MarkObjects: 3.066434 ms  DeleteObjects: 0.199219 ms)

Prepare: number of updated asset objects reloaded= 0
AssetImportParameters requested are different than current active one (requested -> active):
  custom:container-demuxer-ogg: 62fdf1f143b41e24485cea50d1cbac27 -> 
  custom:video-decoder-ogg-theora: a1e56fd34408186e4bbccfd4996cb3dc -> 
  custom:CustomObjectIndexerAttribute: f3847dcb39c2a616e8d79845aaae36f1 -> 
  custom:container-demuxer-webm: 4f35f7cbe854078d1ac9338744f61a02 -> 
  custom:container-muxer-webm: aa71ff27fc2769a1b78a27578f13a17b -> 
  custom:video-decoder-webm-vp8: 9c59270c3fd7afecdb556c50c9e8de78 -> 
  custom:SearchIndexIgnoredProperties: e643bd26f0fe6173181afceb89e7c659 -> 
  custom:AudioImporter_EditorPlatform: 2f0ff77a95e0ac474e3e8eeba4e2f7cb -> 
  custom:video-encoder-webm-vp8: eb34c28f22e8b96e1ab97ce403110664 -> 
  custom:audio-decoder-ogg-vorbis: bf7c407c2cedff20999df2af8eb42d56 -> 
  custom:audio-encoder-webm-vorbis: bf7c407c2cedff20999df2af8eb42d56 -> 
========================================================================
Received Prepare
Begin MonoManager ReloadAssembly
- Loaded All Assemblies, in  0.325 seconds
Refreshing native plugins compatible for Editor in 1.03 ms, found 1 plugins.
Native extension for LinuxStandalone target not found
[Package Manager] Server::EnsureServerProcessIsRunning -- launch failed, reason: Unity was launched with the -noUpm command-line argument
[Package Manager] UpmClient::Send -- Unable to send message (not connected to UPM process).
[Package Manager] Cannot connect to Unity Package Manager local server
Mono: successfully reloaded assembly
- Finished resetting the current domain, in  0.763 seconds
Domain Reload Profiling: 1087ms
	BeginReloadAssembly (100ms)
		ExecutionOrderSort (0ms)
		DisableScriptedObjects (7ms)
		BackupInstance (0ms)
		ReleaseScriptingObjects (0ms)
		CreateAndSetChildDomain (34ms)
	RebuildCommonClasses (23ms)
	RebuildNativeTypeToScriptingClass (6ms)
	initialDomainReloadingComplete (23ms)
	LoadAllAssembliesAndSetupDomain (171ms)
		LoadAssemblies (170ms)
		RebuildTransferFunctionScriptingTraits (0ms)
		AnalyzeDomain (35ms)
			TypeCache.Refresh (7ms)
				TypeCache.ScanAssembly (0ms)
			ScanForSourceGeneratedMonoScriptInfo (18ms)
			ResolveRequiredComponents (9ms)
	FinalizeReload (764ms)
		ReleaseScriptCaches (0ms)
		RebuildScriptCaches (0ms)
		SetupLoadedEditorAssemblies (437ms)
			LogAssemblyErrors (0ms)
			InitializePlatformSupportModulesInManaged (4ms)
			SetLoadedEditorAssemblies (4ms)
			RefreshPlugins (0ms)
			BeforeProcessingInitializeOnLoad (55ms)
			ProcessInitializeOnLoadAttributes (324ms)
			ProcessInitializeOnLoadMethodAttributes (47ms)
			AfterProcessingInitializeOnLoad (2ms)
			EditorAssembliesLoaded (0ms)
		ExecutionOrderSort2 (0ms)
		AwakeInstancesAfterBackupRestoration (8ms)
Refreshing native plugins compatible for Editor in 1.07 ms, found 1 plugins.
Preloading 0 native plugins for Editor in 0.00 ms.
Unloading 5494 Unused Serialized files (Serialized files now loaded: 0)
Unloading 49 unused Assets / (468.6 KB). Loaded Objects now: 6122.
Memory consumption went from 191.6 MB to 191.2 MB.
Total: 3.506397 ms (FindLiveObjects: 0.273021 ms CreateObjectMapping: 0.182192 ms MarkObjects: 2.858327 ms  DeleteObjects: 0.191691 ms)

Prepare: number of updated asset objects reloaded= 0
AssetImportParameters requested are different than current active one (requested -> active):
  custom:container-demuxer-ogg: 62fdf1f143b41e24485cea50d1cbac27 -> 
  custom:video-decoder-ogg-theora: a1e56fd34408186e4bbccfd4996cb3dc -> 
  custom:CustomObjectIndexerAttribute: f3847dcb39c2a616e8d79845aaae36f1 -> 
  custom:container-demuxer-webm: 4f35f7cbe854078d1ac9338744f61a02 -> 
  custom:container-muxer-webm: aa71ff27fc2769a1b78a27578f13a17b -> 
  custom:video-decoder-webm-vp8: 9c59270c3fd7afecdb556c50c9e8de78 -> 
  custom:SearchIndexIgnoredProperties: e643bd26f0fe6173181afceb89e7c659 -> 
  custom:AudioImporter_EditorPlatform: 2f0ff77a95e0ac474e3e8eeba4e2f7cb -> 
  custom:video-encoder-webm-vp8: eb34c28f22e8b96e1ab97ce403110664 -> 
  custom:audio-decoder-ogg-vorbis: bf7c407c2cedff20999df2af8eb42d56 -> 
  custom:audio-encoder-webm-vorbis: bf7c407c2cedff20999df2af8eb42d56 -> 
========================================================================
Received Prepare
Begin MonoManager ReloadAssembly
- Loaded All Assemblies, in  0.315 seconds
Refreshing native plugins compatible for Editor in 1.29 ms, found 1 plugins.
Native extension for LinuxStandalone target not found
[Package Manager] Server::EnsureServerProcessIsRunning -- launch failed, reason: Unity was launched with the -noUpm command-line argument
[Package Manager] UpmClient::Send -- Unable to send message (not connected to UPM process).
[Package Manager] Cannot connect to Unity Package Manager local server
Mono: successfully reloaded assembly
- Finished resetting the current domain, in  0.755 seconds
Domain Reload Profiling: 1069ms
	BeginReloadAssembly (98ms)
		ExecutionOrderSort (0ms)
		DisableScriptedObjects (8ms)
		BackupInstance (0ms)
		ReleaseScriptingObjects (0ms)
		CreateAndSetChildDomain (31ms)
	RebuildCommonClasses (24ms)
	RebuildNativeTypeToScriptingClass (6ms)
	initialDomainReloadingComplete (20ms)
	LoadAllAssembliesAndSetupDomain (167ms)
		LoadAssemblies (168ms)
		RebuildTransferFunctionScriptingTraits (0ms)
		AnalyzeDomain (34ms)
			TypeCache.Refresh (7ms)
				TypeCache.ScanAssembly (0ms)
			ScanForSourceGeneratedMonoScriptInfo (18ms)
			ResolveRequiredComponents (9ms)
	FinalizeReload (755ms)
		ReleaseScriptCaches (0ms)
		RebuildScriptCaches (0ms)
		SetupLoadedEditorAssemblies (428ms)
			LogAssemblyErrors (0ms)
			InitializePlatformSupportModulesInManaged (4ms)
			SetLoadedEditorAssemblies (4ms)
			RefreshPlugins (0ms)
			BeforeProcessingInitializeOnLoad (52ms)
			ProcessInitializeOnLoadAttributes (316ms)
			ProcessInitializeOnLoadMethodAttributes (49ms)
			AfterProcessingInitializeOnLoad (3ms)
			EditorAssembliesLoaded (0ms)
		ExecutionOrderSort2 (0ms)
		AwakeInstancesAfterBackupRestoration (9ms)
Refreshing native plugins compatible for Editor in 1.06 ms, found 1 plugins.
Preloading 0 native plugins for Editor in 0.00 ms.
Unloading 5494 Unused Serialized files (Serialized files now loaded: 0)
Unloading 49 unused Assets / (468.6 KB). Loaded Objects now: 6127.
Memory consumption went from 193.6 MB to 193.1 MB.
Total: 3.615769 ms (FindLiveObjects: 0.279896 ms CreateObjectMapping: 0.167691 ms MarkObjects: 2.985235 ms  DeleteObjects: 0.182105 ms)

Prepare: number of updated asset objects reloaded= 0
AssetImportParameters requested are different than current active one (requested -> active):
  custom:container-demuxer-ogg: 62fdf1f143b41e24485cea50d1cbac27 -> 
  custom:video-decoder-ogg-theora: a1e56fd34408186e4bbccfd4996cb3dc -> 
  custom:CustomObjectIndexerAttribute: f3847dcb39c2a616e8d79845aaae36f1 -> 
  custom:container-demuxer-webm: 4f35f7cbe854078d1ac9338744f61a02 -> 
  custom:container-muxer-webm: aa71ff27fc2769a1b78a27578f13a17b -> 
  custom:video-decoder-webm-vp8: 9c59270c3fd7afecdb556c50c9e8de78 -> 
  custom:SearchIndexIgnoredProperties: e643bd26f0fe6173181afceb89e7c659 -> 
  custom:AudioImporter_EditorPlatform: 2f0ff77a95e0ac474e3e8eeba4e2f7cb -> 
  custom:video-encoder-webm-vp8: eb34c28f22e8b96e1ab97ce403110664 -> 
  custom:audio-decoder-ogg-vorbis: bf7c407c2cedff20999df2af8eb42d56 -> 
  custom:audio-encoder-webm-vorbis: bf7c407c2cedff20999df2af8eb42d56 -> 
========================================================================
Received Import Request.
  Time since last request: 3655.862593 seconds.
  path: Assets/_Art/Sprites/Environment
  artifactKey: Guid(8d2d6ab5e0b516e7a9720e03bde7daa6) Importer(815301076,1909f56bfc062723c751e8b465ee728b)
Start importing Assets/_Art/Sprites/Environment using Guid(8d2d6ab5e0b516e7a9720e03bde7daa6) Importer(815301076,1909f56bfc062723c751e8b465ee728b)  -> (artifact id: '8911955db8bd0a7d1110489c6f9f4910') in 0.001521 seconds
Number of updated asset objects reloaded before import = 0
Number of asset objects unloaded after import = 0
========================================================================
Received Import Request.
  Time since last request: 0.510624 seconds.
  path: Assets/_Art/Sprites/Environment/Clothes_Shop.png
  artifactKey: Guid(44150f70f93cd337594e2d242f118834) Importer(815301076,1909f56bfc062723c751e8b465ee728b)
Start importing Assets/_Art/Sprites/Environment/Clothes_Shop.png using Guid(44150f70f93cd337594e2d242f118834) Importer(815301076,1909f56bfc062723c751e8b465ee728b)  -> (artifact id: 'a0ac78f9995896fbaca8ccceda06edc2') in 0.035982 seconds
Number of updated asset objects reloaded before import = 0
Number of asset objects unloaded after import = 3
========================================================================
Received Import Request.
  Time since last request: 0.844271 seconds.
  path: Assets/_Art/Sprites/Environment/Sprite-0003.aseprite
  artifactKey: Guid(6b21776ccd01bcb5cb3aaee82943eed8) Importer(815301076,1909f56bfc062723c751e8b465ee728b)
Start importing Assets/_Art/Sprites/Environment/Sprite-0003.aseprite using Guid(6b21776ccd01bcb5cb3aaee82943eed8) Importer(815301076,1909f56bfc062723c751e8b465ee728b)  -> (artifact id: 'b4541312c6a50b5b186060c18b62a297') in 0.174520 seconds
Number of updated asset objects reloaded before import = 0
Number of asset objects unloaded after import = 26
========================================================================
Received Import Request.
  Time since last request: 36.395046 seconds.
  path: Assets/_Art/Sprites/Environment/Clothes_Shop.png
  artifactKey: Guid(44150f70f93cd337594e2d242f118834) Importer(815301076,1909f56bfc062723c751e8b465ee728b)
Start importing Assets/_Art/Sprites/Environment/Clothes_Shop.png using Guid(44150f70f93cd337594e2d242f118834) Importer(815301076,1909f56bfc062723c751e8b465ee728b)  -> (artifact id: 'af8f1fafd11f74b8f1a08a4a8b73082d') in 0.017863 seconds
Number of updated asset objects reloaded before import = 0
Number of asset objects unloaded after import = 3
========================================================================
Received Import Request.
  Time since last request: 6.341593 seconds.
  path: Assets/_Art/Sprites/Characters/Player.png
  artifactKey: Guid(f2317d445b014e8988fe9586c7c10fb6) Importer(815301076,1909f56bfc062723c751e8b465ee728b)
Start importing Assets/_Art/Sprites/Characters/Player.png using Guid(f2317d445b014e8988fe9586c7c10fb6) Importer(815301076,1909f56bfc062723c751e8b465ee728b)  -> (artifact id: '09e97db8171a292df987007de7f15bdd') in 0.004726 seconds
Number of updated asset objects reloaded before import = 0
Number of asset objects unloaded after import = 3
========================================================================
Received Import Request.
  Time since last request: 5.031956 seconds.
  path: Assets/_Art/Sprites/Environment/Clothes_Shop.png
  artifactKey: Guid(44150f70f93cd337594e2d242f118834) Importer(815301076,1909f56bfc062723c751e8b465ee728b)
Start importing Assets/_Art/Sprites/Environment/Clothes_Shop.png using Guid(44150f70f93cd337594e2d242f118834) Importer(815301076,1909f56bfc062723c751e8b465ee728b)  -> (artifact id: '2a4419e681e0422c13111fc757997ee0') in 0.009265 seconds
Number of updated asset objects reloaded before import = 0
Number of asset objects unloaded after import = 3
========================================================================
Received Import Request.
  Time since last request: 10.699936 seconds.
  path: Assets/_Art/Sprites/Environment/Clothes_Shop.png
  artifactKey: Guid(44150f70f93cd337594e2d242f118834) Importer(815301076,1909f56bfc062723c751e8b465ee728b)
Start importing Assets/_Art/Sprites/Environment/Clothes_Shop.png using Guid(44150f70f93cd337594e2d242f118834) Importer(815301076,1909f56bfc062723c751e8b465ee728b)  -> (artifact id: '8d7ec28147627b3e548592e252a51431') in 0.005239 seconds
Number of updated asset objects reloaded before import = 0
Number of asset objects unloaded after import = 2
========================================================================
Received Import Request.
  Time since last request: 445.219047 seconds.
  path: Assets/_Art/Sprites/Environment/Clothes_Shop.png
  artifactKey: Guid(44150f70f93cd337594e2d242f118834) Importer(815301076,1909f56bfc062723c751e8b465ee728b)
Start importing Assets/_Art/Sprites/Environment/Clothes_Shop.png using Guid(44150f70f93cd337594e2d242f118834) Importer(815301076,1909f56bfc062723c751e8b465ee728b)  -> (artifact id: '0c45924d5eb6e786cf8e78a099a0d538') in 0.004296 seconds
Number of updated asset objects reloaded before import = 0
Number of asset objects unloaded after import = 2
========================================================================
Received Import Request.
  Time since last request: 39.245343 seconds.
  path: Assets/_Art/Sprites/Environment/Clothes_Shop.png
  artifactKey: Guid(44150f70f93cd337594e2d242f118834) Importer(815301076,1909f56bfc062723c751e8b465ee728b)
Start importing Assets/_Art/Sprites/Environment/Clothes_Shop.png using Guid(44150f70f93cd337594e2d242f118834) Importer(815301076,1909f56bfc062723c751e8b465ee728b)  -> (artifact id: '09c9478cd7fa88be02ed31ba9aa469f8') in 0.007034 seconds
Number of updated asset objects reloaded before import = 0
Number of asset objects unloaded after import = 2
========================================================================
Received Import Request.
  Time since last request: 11.040067 seconds.
  path: Assets/_Art/Sprites/Environment/Clothes_Shop.png
  artifactKey: Guid(44150f70f93cd337594e2d242f118834) Importer(815301076,1909f56bfc062723c751e8b465ee728b)
Start importing Assets/_Art/Sprites/Environment/Clothes_Shop.png using Guid(44150f70f93cd337594e2d242f118834) Importer(815301076,1909f56bfc062723c751e8b465ee728b)  -> (artifact id: '6a3d49ce063a1b37780a47bfe5aeea7c') in 0.107251 seconds
Number of updated asset objects reloaded before import = 0
Number of asset objects unloaded after import = 62
========================================================================
Received Import Request.
  Time since last request: 1324.109724 seconds.
  path: Assets/_Art/Tile Palettes/TIles
  artifactKey: Guid(a4dddce76735e39499e1ced525e393cc) Importer(815301076,1909f56bfc062723c751e8b465ee728b)
Start importing Assets/_Art/Tile Palettes/TIles using Guid(a4dddce76735e39499e1ced525e393cc) Importer(815301076,1909f56bfc062723c751e8b465ee728b)  -> (artifact id: '5f2676f946f6f756282d917f148fa231') in 0.000350 seconds
Number of updated asset objects reloaded before import = 0
Number of asset objects unloaded after import = 0
========================================================================
Received Import Request.
  Time since last request: 7.677184 seconds.
  path: Assets/_Art/Tile Palettes
  artifactKey: Guid(30eb161b78b3504acbee88ab87c3e651) Importer(815301076,1909f56bfc062723c751e8b465ee728b)
Start importing Assets/_Art/Tile Palettes using Guid(30eb161b78b3504acbee88ab87c3e651) Importer(815301076,1909f56bfc062723c751e8b465ee728b)  -> (artifact id: '39168a384b452190a61eda24b3b4a4da') in 0.000282 seconds
Number of updated asset objects reloaded before import = 0
Number of asset objects unloaded after import = 0
========================================================================
Received Import Request.
  Time since last request: 0.494728 seconds.
  path: Assets/_Art/Sprites/Environment/Clothes_Shop.png
  artifactKey: Guid(44150f70f93cd337594e2d242f118834) Importer(815301076,1909f56bfc062723c751e8b465ee728b)
Start importing Assets/_Art/Sprites/Environment/Clothes_Shop.png using Guid(44150f70f93cd337594e2d242f118834) Importer(815301076,1909f56bfc062723c751e8b465ee728b)  -> (artifact id: '77de30a721025c8352d28c918c6b32a6') in 0.127179 seconds
Number of updated asset objects reloaded before import = 0
Number of asset objects unloaded after import = 62
========================================================================
Received Import Request.
  Time since last request: 1137.889259 seconds.
  path: Assets/_Art/Sprites/Environment/Clothes_Shop.png
  artifactKey: Guid(44150f70f93cd337594e2d242f118834) Importer(815301076,1909f56bfc062723c751e8b465ee728b)
Start importing Assets/_Art/Sprites/Environment/Clothes_Shop.png using Guid(44150f70f93cd337594e2d242f118834) Importer(815301076,1909f56bfc062723c751e8b465ee728b)  -> (artifact id: 'a06121f45f1cdf41052454fefddcdddc') in 0.047398 seconds
Number of updated asset objects reloaded before import = 0
Number of asset objects unloaded after import = 35
========================================================================
Received Import Request.
  Time since last request: 37.190083 seconds.
  path: Assets/_Art/Sprites/Environment/Clothes_Shop.png
  artifactKey: Guid(44150f70f93cd337594e2d242f118834) Importer(815301076,1909f56bfc062723c751e8b465ee728b)
Start importing Assets/_Art/Sprites/Environment/Clothes_Shop.png using Guid(44150f70f93cd337594e2d242f118834) Importer(815301076,1909f56bfc062723c751e8b465ee728b)  -> (artifact id: '731be3db95cc5e5dad23700ab346fd1a') in 0.038831 seconds
Number of updated asset objects reloaded before import = 0
Number of asset objects unloaded after import = 35
========================================================================
Received Import Request.
  Time since last request: 239.679839 seconds.
  path: Assets/_Art/Sprites/Environment/Clothes_Shop.png
  artifactKey: Guid(44150f70f93cd337594e2d242f118834) Importer(815301076,1909f56bfc062723c751e8b465ee728b)
Start importing Assets/_Art/Sprites/Environment/Clothes_Shop.png using Guid(44150f70f93cd337594e2d242f118834) Importer(815301076,1909f56bfc062723c751e8b465ee728b)  -> (artifact id: 'ccf850e39ac61c7fe54692f599586743') in 0.070288 seconds
Number of updated asset objects reloaded before import = 0
Number of asset objects unloaded after import = 25
========================================================================
Received Import Request.
  Time since last request: 1112.914247 seconds.
  path: Assets/_Art/Sprites/Environment/Clothes_Shop.png
  artifactKey: Guid(44150f70f93cd337594e2d242f118834) Importer(815301076,1909f56bfc062723c751e8b465ee728b)
Start importing Assets/_Art/Sprites/Environment/Clothes_Shop.png using Guid(44150f70f93cd337594e2d242f118834) Importer(815301076,1909f56bfc062723c751e8b465ee728b)  -> (artifact id: 'e92f7e7ccaead1fcd71e6e354850eef0') in 0.033403 seconds
Number of updated asset objects reloaded before import = 0
Number of asset objects unloaded after import = 25
========================================================================
Received Import Request.
  Time since last request: 18.109619 seconds.
  path: Assets/_Art/Sprites/Environment/Clothes_Shop.png
  artifactKey: Guid(44150f70f93cd337594e2d242f118834) Importer(815301076,1909f56bfc062723c751e8b465ee728b)
Start importing Assets/_Art/Sprites/Environment/Clothes_Shop.png using Guid(44150f70f93cd337594e2d242f118834) Importer(815301076,1909f56bfc062723c751e8b465ee728b)  -> (artifact id: '9ba3c34f4430fdcffe2de5dd50dc10ae') in 0.034387 seconds
Number of updated asset objects reloaded before import = 0
Number of asset objects unloaded after import = 25
========================================================================
Received Import Request.
  Time since last request: 57.516275 seconds.
  path: Assets/_Art/Sprites/Environment/Clothes_Shop.png
  artifactKey: Guid(44150f70f93cd337594e2d242f118834) Importer(815301076,1909f56bfc062723c751e8b465ee728b)
Start importing Assets/_Art/Sprites/Environment/Clothes_Shop.png using Guid(44150f70f93cd337594e2d242f118834) Importer(815301076,1909f56bfc062723c751e8b465ee728b)  -> (artifact id: '9d0c9815da4da4bb8d203cd7e848ad73') in 0.027244 seconds
Number of updated asset objects reloaded before import = 0
Number of asset objects unloaded after import = 25
========================================================================
Received Import Request.
  Time since last request: 19.753153 seconds.
  path: Assets/_Art/Sprites/Environment/Clothes_Shop.png
  artifactKey: Guid(44150f70f93cd337594e2d242f118834) Importer(815301076,1909f56bfc062723c751e8b465ee728b)
Start importing Assets/_Art/Sprites/Environment/Clothes_Shop.png using Guid(44150f70f93cd337594e2d242f118834) Importer(815301076,1909f56bfc062723c751e8b465ee728b)  -> (artifact id: '41f7452f37003d5a06ce5a946877b99c') in 0.026471 seconds
Number of updated asset objects reloaded before import = 0
Number of asset objects unloaded after import = 25
========================================================================
Received Import Request.
  Time since last request: 354.442992 seconds.
  path: Assets/_Art/Sprites/Environment/Clothes_Shop.png
  artifactKey: Guid(44150f70f93cd337594e2d242f118834) Importer(815301076,1909f56bfc062723c751e8b465ee728b)
Start importing Assets/_Art/Sprites/Environment/Clothes_Shop.png using Guid(44150f70f93cd337594e2d242f118834) Importer(815301076,1909f56bfc062723c751e8b465ee728b)  -> (artifact id: '457a54a79932bda32ceedae1eb25e937') in 0.150474 seconds
Number of updated asset objects reloaded before import = 0
Number of asset objects unloaded after import = 25
========================================================================
Received Import Request.
  Time since last request: 235.974821 seconds.
  path: Assets/_Art/Sprites/Environment/Clothes_Shop.png
  artifactKey: Guid(44150f70f93cd337594e2d242f118834) Importer(815301076,1909f56bfc062723c751e8b465ee728b)
Start importing Assets/_Art/Sprites/Environment/Clothes_Shop.png using Guid(44150f70f93cd337594e2d242f118834) Importer(815301076,1909f56bfc062723c751e8b465ee728b)  -> (artifact id: '718a9f9bbea10b7e85851aa291bd43db') in 0.023925 seconds
Number of updated asset objects reloaded before import = 0
Number of asset objects unloaded after import = 20
========================================================================
Received Import Request.
  Time since last request: 154.001801 seconds.
  path: Packages/com.unity.2d.pixel-perfect
  artifactKey: Guid(915dabe870142d4eb34a5dbf62d6df68) Importer(815301076,1909f56bfc062723c751e8b465ee728b)
Start importing Packages/com.unity.2d.pixel-perfect using Guid(915dabe870142d4eb34a5dbf62d6df68) Importer(815301076,1909f56bfc062723c751e8b465ee728b)  -> (artifact id: '759004fe104e79f1b754892ce188d29b') in 0.000298 seconds
Number of updated asset objects reloaded before import = 0
Number of asset objects unloaded after import = 0
========================================================================
Received Import Request.
  Time since last request: 2.712800 seconds.
  path: Assets/Settings/Rendering
  artifactKey: Guid(8ce646e8ebc3ac2ada32edc9794bedfe) Importer(815301076,1909f56bfc062723c751e8b465ee728b)
Start importing Assets/Settings/Rendering using Guid(8ce646e8ebc3ac2ada32edc9794bedfe) Importer(815301076,1909f56bfc062723c751e8b465ee728b)  -> (artifact id: '77e0e4df2bc1d27147b70cac102adc44') in 0.000290 seconds
Number of updated asset objects reloaded before import = 0
Number of asset objects unloaded after import = 0
========================================================================
Received Import Request.
  Time since last request: 77.808660 seconds.
  path: Assets/_Art/Sprites/Environment/Clothes_Shop.png
  artifactKey: Guid(44150f70f93cd337594e2d242f118834) Importer(815301076,1909f56bfc062723c751e8b465ee728b)
Start importing Assets/_Art/Sprites/Environment/Clothes_Shop.png using Guid(44150f70f93cd337594e2d242f118834) Importer(815301076,1909f56bfc062723c751e8b465ee728b)  -> (artifact id: '470e67b69541d4a418f3d4d2d54545a5') in 0.022915 seconds
Number of updated asset objects reloaded before import = 0
Number of asset objects unloaded after import = 20
========================================================================
Received Import Request.
  Time since last request: 124.897332 seconds.
  path: Assets/_Art/Sprites/Environment/Clothes_Shop.png
  artifactKey: Guid(44150f70f93cd337594e2d242f118834) Importer(815301076,1909f56bfc062723c751e8b465ee728b)
Start importing Assets/_Art/Sprites/Environment/Clothes_Shop.png using Guid(44150f70f93cd337594e2d242f118834) Importer(815301076,1909f56bfc062723c751e8b465ee728b)  -> (artifact id: 'fb2abc274c824c6b4056961cacd3cb1d') in 0.032488 seconds
Number of updated asset objects reloaded before import = 0
Number of asset objects unloaded after import = 20
========================================================================
Received Import Request.
  Time since last request: 140.578377 seconds.
  path: Assets/_Art/Sprites/Environment/Clothes_Shop.png
  artifactKey: Guid(44150f70f93cd337594e2d242f118834) Importer(815301076,1909f56bfc062723c751e8b465ee728b)
Start importing Assets/_Art/Sprites/Environment/Clothes_Shop.png using Guid(44150f70f93cd337594e2d242f118834) Importer(815301076,1909f56bfc062723c751e8b465ee728b)  -> (artifact id: '0dda6119db1de255c5115213bc6a2207') in 0.025448 seconds
Number of updated asset objects reloaded before import = 0
Number of asset objects unloaded after import = 20
========================================================================
Received Prepare
Begin MonoManager ReloadAssembly
- Loaded All Assemblies, in  0.345 seconds
Refreshing native plugins compatible for Editor in 1.05 ms, found 1 plugins.
Native extension for LinuxStandalone target not found
[Package Manager] Server::EnsureServerProcessIsRunning -- launch failed, reason: Unity was launched with the -noUpm command-line argument
[Package Manager] UpmClient::Send -- Unable to send message (not connected to UPM process).
[Package Manager] Cannot connect to Unity Package Manager local server
Mono: successfully reloaded assembly
- Finished resetting the current domain, in  1.484 seconds
Domain Reload Profiling: 1828ms
	BeginReloadAssembly (103ms)
		ExecutionOrderSort (0ms)
		DisableScriptedObjects (11ms)
		BackupInstance (0ms)
		ReleaseScriptingObjects (0ms)
		CreateAndSetChildDomain (34ms)
	RebuildCommonClasses (23ms)
	RebuildNativeTypeToScriptingClass (6ms)
	initialDomainReloadingComplete (19ms)
	LoadAllAssembliesAndSetupDomain (192ms)
		LoadAssemblies (187ms)
		RebuildTransferFunctionScriptingTraits (0ms)
		AnalyzeDomain (39ms)
			TypeCache.Refresh (12ms)
				TypeCache.ScanAssembly (4ms)
			ScanForSourceGeneratedMonoScriptInfo (18ms)
			ResolveRequiredComponents (9ms)
	FinalizeReload (1484ms)
		ReleaseScriptCaches (0ms)
		RebuildScriptCaches (0ms)
		SetupLoadedEditorAssemblies (443ms)
			LogAssemblyErrors (0ms)
			InitializePlatformSupportModulesInManaged (4ms)
			SetLoadedEditorAssemblies (3ms)
			RefreshPlugins (0ms)
			BeforeProcessingInitializeOnLoad (53ms)
			ProcessInitializeOnLoadAttributes (334ms)
			ProcessInitializeOnLoadMethodAttributes (46ms)
			AfterProcessingInitializeOnLoad (3ms)
			EditorAssembliesLoaded (0ms)
		ExecutionOrderSort2 (0ms)
		AwakeInstancesAfterBackupRestoration (10ms)
Refreshing native plugins compatible for Editor in 1.09 ms, found 1 plugins.
Preloading 0 native plugins for Editor in 0.00 ms.
Unloading 5658 Unused Serialized files (Serialized files now loaded: 0)
Unloading 51 unused Assets / (0.5 MB). Loaded Objects now: 6358.
Memory consumption went from 199.7 MB to 199.1 MB.
Total: 3.955513 ms (FindLiveObjects: 0.294739 ms CreateObjectMapping: 0.185792 ms MarkObjects: 3.269254 ms  DeleteObjects: 0.203537 ms)

Prepare: number of updated asset objects reloaded= 0
AssetImportParameters requested are different than current active one (requested -> active):
  custom:container-demuxer-ogg: 62fdf1f143b41e24485cea50d1cbac27 -> 
  custom:video-decoder-ogg-theora: a1e56fd34408186e4bbccfd4996cb3dc -> 
  custom:CustomObjectIndexerAttribute: f3847dcb39c2a616e8d79845aaae36f1 -> 
  custom:container-demuxer-webm: 4f35f7cbe854078d1ac9338744f61a02 -> 
  custom:container-muxer-webm: aa71ff27fc2769a1b78a27578f13a17b -> 
  custom:video-decoder-webm-vp8: 9c59270c3fd7afecdb556c50c9e8de78 -> 
  custom:SearchIndexIgnoredProperties: e643bd26f0fe6173181afceb89e7c659 -> 
  custom:AudioImporter_EditorPlatform: 2f0ff77a95e0ac474e3e8eeba4e2f7cb -> 
  custom:video-encoder-webm-vp8: eb34c28f22e8b96e1ab97ce403110664 -> 
  custom:audio-decoder-ogg-vorbis: bf7c407c2cedff20999df2af8eb42d56 -> 
  custom:audio-encoder-webm-vorbis: bf7c407c2cedff20999df2af8eb42d56 -> 
========================================================================
Received Import Request.
  Time since last request: 3183.716919 seconds.
  path: Assets/_Art/Sprites/Environment/Clothes_Shop.png
  artifactKey: Guid(44150f70f93cd337594e2d242f118834) Importer(815301076,1909f56bfc062723c751e8b465ee728b)
Start importing Assets/_Art/Sprites/Environment/Clothes_Shop.png using Guid(44150f70f93cd337594e2d242f118834) Importer(815301076,1909f56bfc062723c751e8b465ee728b)  -> (artifact id: 'ddcfa3b6134e0d3ef6d9a64efd934432') in 0.056557 seconds
Number of updated asset objects reloaded before import = 0
Number of asset objects unloaded after import = 20
========================================================================
Received Import Request.
  Time since last request: 1332.851787 seconds.
  path: Assets/_Art/Sprites/Clothes/Icons.png
  artifactKey: Guid(9698bf8c158a1c93393f4ea27600d400) Importer(815301076,1909f56bfc062723c751e8b465ee728b)
Start importing Assets/_Art/Sprites/Clothes/Icons.png using Guid(9698bf8c158a1c93393f4ea27600d400) Importer(815301076,1909f56bfc062723c751e8b465ee728b)  -> (artifact id: 'de113ea1f4a94424f19183abeed530c1') in 0.006473 seconds
Number of updated asset objects reloaded before import = 0
Number of asset objects unloaded after import = 3
========================================================================
Received Import Request.
  Time since last request: 3.455990 seconds.
  path: Assets/_Art/Sprites/Clothes/Icons.png
  artifactKey: Guid(9698bf8c158a1c93393f4ea27600d400) Importer(815301076,1909f56bfc062723c751e8b465ee728b)
Start importing Assets/_Art/Sprites/Clothes/Icons.png using Guid(9698bf8c158a1c93393f4ea27600d400) Importer(815301076,1909f56bfc062723c751e8b465ee728b)  -> (artifact id: 'bbc837d61cd85a02e091368704f8c719') in 0.009432 seconds
Number of updated asset objects reloaded before import = 0
Number of asset objects unloaded after import = 3
========================================================================
Received Import Request.
  Time since last request: 4.419620 seconds.
  path: Assets/_Art/Sprites/Clothes/Icons.png
  artifactKey: Guid(9698bf8c158a1c93393f4ea27600d400) Importer(815301076,1909f56bfc062723c751e8b465ee728b)
Start importing Assets/_Art/Sprites/Clothes/Icons.png using Guid(9698bf8c158a1c93393f4ea27600d400) Importer(815301076,1909f56bfc062723c751e8b465ee728b)  -> (artifact id: 'ed6e7f736d7bf0fc4c42ec5b3fa96dd2') in 0.010485 seconds
Number of updated asset objects reloaded before import = 0
Number of asset objects unloaded after import = 3
========================================================================
Received Import Request.
  Time since last request: 5.540892 seconds.
  path: Assets/_Art/Sprites/Clothes/Icons.png
  artifactKey: Guid(9698bf8c158a1c93393f4ea27600d400) Importer(815301076,1909f56bfc062723c751e8b465ee728b)
Start importing Assets/_Art/Sprites/Clothes/Icons.png using Guid(9698bf8c158a1c93393f4ea27600d400) Importer(815301076,1909f56bfc062723c751e8b465ee728b)  -> (artifact id: 'aee0cea12931dc4263d781d12dbc93bb') in 0.006068 seconds
Number of updated asset objects reloaded before import = 0
Number of asset objects unloaded after import = 3
========================================================================
Received Import Request.
  Time since last request: 19.223328 seconds.
  path: Assets/_Art/Sprites/Clothes/Icons.png
  artifactKey: Guid(9698bf8c158a1c93393f4ea27600d400) Importer(815301076,1909f56bfc062723c751e8b465ee728b)
Start importing Assets/_Art/Sprites/Clothes/Icons.png using Guid(9698bf8c158a1c93393f4ea27600d400) Importer(815301076,1909f56bfc062723c751e8b465ee728b)  -> (artifact id: 'd47bd6cf59532c7bf7092b02148db827') in 0.024266 seconds
Number of updated asset objects reloaded before import = 0
Number of asset objects unloaded after import = 14
========================================================================
Received Import Request.
  Time since last request: 112.872885 seconds.
  path: Assets/_Art/Sprites/Clothes/Icons.png
  artifactKey: Guid(9698bf8c158a1c93393f4ea27600d400) Importer(815301076,1909f56bfc062723c751e8b465ee728b)
Start importing Assets/_Art/Sprites/Clothes/Icons.png using Guid(9698bf8c158a1c93393f4ea27600d400) Importer(815301076,1909f56bfc062723c751e8b465ee728b)  -> (artifact id: '7825568936fdf9487b61b60e57700e44') in 0.064589 seconds
Number of updated asset objects reloaded before import = 0
Number of asset objects unloaded after import = 42
========================================================================
Received Import Request.
  Time since last request: 71.702735 seconds.
  path: Assets/_Art/Sprites/Environment/Clothes_Shop.png
  artifactKey: Guid(44150f70f93cd337594e2d242f118834) Importer(815301076,1909f56bfc062723c751e8b465ee728b)
Start importing Assets/_Art/Sprites/Environment/Clothes_Shop.png using Guid(44150f70f93cd337594e2d242f118834) Importer(815301076,1909f56bfc062723c751e8b465ee728b)  -> (artifact id: 'c2d7c3321a1911074a273e09dd80d4b3') in 0.056788 seconds
Number of updated asset objects reloaded before import = 0
Number of asset objects unloaded after import = 21
========================================================================
Received Import Request.
  Time since last request: 7.600119 seconds.
  path: Assets/_Art/Sprites/Environment/Clothes_Shop.png
  artifactKey: Guid(44150f70f93cd337594e2d242f118834) Importer(815301076,1909f56bfc062723c751e8b465ee728b)
Start importing Assets/_Art/Sprites/Environment/Clothes_Shop.png using Guid(44150f70f93cd337594e2d242f118834) Importer(815301076,1909f56bfc062723c751e8b465ee728b)  -> (artifact id: 'fbddaea13238dd6bf5f7ad5bd4620195') in 0.026906 seconds
Number of updated asset objects reloaded before import = 0
Number of asset objects unloaded after import = 21
========================================================================
Received Import Request.
  Time since last request: 283.466818 seconds.
  path: Assets/_Art/Sprites/Clothes/Icons.png
  artifactKey: Guid(9698bf8c158a1c93393f4ea27600d400) Importer(815301076,1909f56bfc062723c751e8b465ee728b)
Start importing Assets/_Art/Sprites/Clothes/Icons.png using Guid(9698bf8c158a1c93393f4ea27600d400) Importer(815301076,1909f56bfc062723c751e8b465ee728b)  -> (artifact id: '30bd09a0dd74f3efb74ad69d25f750a4') in 0.038827 seconds
Number of updated asset objects reloaded before import = 0
Number of asset objects unloaded after import = 42
========================================================================
Received Import Request.
  Time since last request: 181.850923 seconds.
  path: Assets/_Art/Sprites/Clothes/Icons.png
  artifactKey: Guid(9698bf8c158a1c93393f4ea27600d400) Importer(815301076,1909f56bfc062723c751e8b465ee728b)
Start importing Assets/_Art/Sprites/Clothes/Icons.png using Guid(9698bf8c158a1c93393f4ea27600d400) Importer(815301076,1909f56bfc062723c751e8b465ee728b)  -> (artifact id: 'ad9674fcc6ec879c1a5a98e27edd903d') in 0.071660 seconds
Number of updated asset objects reloaded before import = 0
Number of asset objects unloaded after import = 42
========================================================================
Received Import Request.
  Time since last request: 253.613664 seconds.
  path: Assets/_Art/Sprites/Clothes/Icons.png
  artifactKey: Guid(9698bf8c158a1c93393f4ea27600d400) Importer(815301076,1909f56bfc062723c751e8b465ee728b)
Start importing Assets/_Art/Sprites/Clothes/Icons.png using Guid(9698bf8c158a1c93393f4ea27600d400) Importer(815301076,1909f56bfc062723c751e8b465ee728b)  -> (artifact id: '32da5a1cfbec02abc061ec06e69e891f') in 0.180655 seconds
Number of updated asset objects reloaded before import = 0
Number of asset objects unloaded after import = 42
========================================================================
Received Import Request.
  Time since last request: 129.843162 seconds.
  path: Assets/_Art/Sprites/Clothes/Icons.png
  artifactKey: Guid(9698bf8c158a1c93393f4ea27600d400) Importer(815301076,1909f56bfc062723c751e8b465ee728b)
Start importing Assets/_Art/Sprites/Clothes/Icons.png using Guid(9698bf8c158a1c93393f4ea27600d400) Importer(815301076,1909f56bfc062723c751e8b465ee728b)  -> (artifact id: '6099b170adc518a9ade1e3a7eb46982d') in 0.079777 seconds
Number of updated asset objects reloaded before import = 0
Number of asset objects unloaded after import = 42
========================================================================
Received Import Request.
  Time since last request: 8.665681 seconds.
  path: Assets/_Art/Sprites/Clothes/Icons.png
  artifactKey: Guid(9698bf8c158a1c93393f4ea27600d400) Importer(815301076,1909f56bfc062723c751e8b465ee728b)
Start importing Assets/_Art/Sprites/Clothes/Icons.png using Guid(9698bf8c158a1c93393f4ea27600d400) Importer(815301076,1909f56bfc062723c751e8b465ee728b)  -> (artifact id: '79eac7c17adc9db3ad1251a3f786c921') in 0.086909 seconds
Number of updated asset objects reloaded before import = 0
Number of asset objects unloaded after import = 42
========================================================================
Received Import Request.
  Time since last request: 5.981624 seconds.
  path: Assets/_Art/Sprites/Clothes/Icons.png
  artifactKey: Guid(9698bf8c158a1c93393f4ea27600d400) Importer(815301076,1909f56bfc062723c751e8b465ee728b)
Start importing Assets/_Art/Sprites/Clothes/Icons.png using Guid(9698bf8c158a1c93393f4ea27600d400) Importer(815301076,1909f56bfc062723c751e8b465ee728b)  -> (artifact id: 'dbb0f7e736571b002d6df3f2c9b034b0') in 0.038203 seconds
Number of updated asset objects reloaded before import = 0
Number of asset objects unloaded after import = 42
========================================================================
Received Import Request.
  Time since last request: 586.696447 seconds.
  path: Assets/Gamelpay/Data/Prefabs
  artifactKey: Guid(a3ef8e702ab7b7428b8893e1b6868cb9) Importer(815301076,1909f56bfc062723c751e8b465ee728b)
Start importing Assets/Gamelpay/Data/Prefabs using Guid(a3ef8e702ab7b7428b8893e1b6868cb9) Importer(815301076,1909f56bfc062723c751e8b465ee728b)  -> (artifact id: '79ab823c486efdf397e65078a72c0d33') in 0.000434 seconds
Number of updated asset objects reloaded before import = 0
Number of asset objects unloaded after import = 0
========================================================================
Received Import Request.
  Time since last request: 18.980017 seconds.
  path: Assets/Gamelpay/Prefabs/Hanger.prefab
  artifactKey: Guid(c390759fdddf28afeb8c07fe1dca0fee) Importer(815301076,1909f56bfc062723c751e8b465ee728b)
Start importing Assets/Gamelpay/Prefabs/Hanger.prefab using Guid(c390759fdddf28afeb8c07fe1dca0fee) Importer(815301076,1909f56bfc062723c751e8b465ee728b)  -> (artifact id: 'c89b0b72bfbf4e5496acb57f2fcf6897') in 0.147101 seconds
Number of updated asset objects reloaded before import = 0
Number of asset objects unloaded after import = 33
========================================================================
Received Import Request.
  Time since last request: 2.419248 seconds.
  path: Assets/Gamelpay/Prefabs/Hanger.prefab
  artifactKey: Guid(c390759fdddf28afeb8c07fe1dca0fee) Importer(815301076,1909f56bfc062723c751e8b465ee728b)
Start importing Assets/Gamelpay/Prefabs/Hanger.prefab using Guid(c390759fdddf28afeb8c07fe1dca0fee) Importer(815301076,1909f56bfc062723c751e8b465ee728b)  -> (artifact id: '13e1b73b120248092ab33d47a3857329') in 0.004209 seconds
Number of updated asset objects reloaded before import = 0
Number of asset objects unloaded after import = 15
========================================================================
Received Import Request.
  Time since last request: 1.984811 seconds.
  path: Assets/Gamelpay/Prefabs/Hanger.prefab
  artifactKey: Guid(c390759fdddf28afeb8c07fe1dca0fee) Importer(815301076,1909f56bfc062723c751e8b465ee728b)
Start importing Assets/Gamelpay/Prefabs/Hanger.prefab using Guid(c390759fdddf28afeb8c07fe1dca0fee) Importer(815301076,1909f56bfc062723c751e8b465ee728b)  -> (artifact id: 'b54add939d8e6e106200ac9ecc62f33c') in 0.008470 seconds
Number of updated asset objects reloaded before import = 0
Number of asset objects unloaded after import = 15
========================================================================
Received Import Request.
  Time since last request: 240.151677 seconds.
  path: Assets/_Art/Sprites/Clothes/Icons.png
  artifactKey: Guid(9698bf8c158a1c93393f4ea27600d400) Importer(815301076,1909f56bfc062723c751e8b465ee728b)
Start importing Assets/_Art/Sprites/Clothes/Icons.png using Guid(9698bf8c158a1c93393f4ea27600d400) Importer(815301076,1909f56bfc062723c751e8b465ee728b)  -> (artifact id: '43f550c2a2d1ff9b7ba2d3a3e6be4959') in 0.041333 seconds
Number of updated asset objects reloaded before import = 0
Number of asset objects unloaded after import = 42
========================================================================
Received Import Request.
  Time since last request: 162.450349 seconds.
  path: Assets/_Art/Sprites/Clothes/Icons.png
  artifactKey: Guid(9698bf8c158a1c93393f4ea27600d400) Importer(815301076,1909f56bfc062723c751e8b465ee728b)
Start importing Assets/_Art/Sprites/Clothes/Icons.png using Guid(9698bf8c158a1c93393f4ea27600d400) Importer(815301076,1909f56bfc062723c751e8b465ee728b)  -> (artifact id: '8a609236e5e53d1ce591057061f7b42a') in 0.045924 seconds
Number of updated asset objects reloaded before import = 0
Number of asset objects unloaded after import = 42
========================================================================
Received Import Request.
  Time since last request: 93.026519 seconds.
  path: Assets/_Art/Sprites/Clothes/Icons.png
  artifactKey: Guid(9698bf8c158a1c93393f4ea27600d400) Importer(815301076,1909f56bfc062723c751e8b465ee728b)
Start importing Assets/_Art/Sprites/Clothes/Icons.png using Guid(9698bf8c158a1c93393f4ea27600d400) Importer(815301076,1909f56bfc062723c751e8b465ee728b)  -> (artifact id: '1cc6fecd7e6a3d1b2237108c4105bbe6') in 0.043398 seconds
Number of updated asset objects reloaded before import = 0
Number of asset objects unloaded after import = 42
========================================================================
Received Import Request.
  Time since last request: 19.474421 seconds.
  path: Assets/_Art/Sprites/Clothes/Icons.png
  artifactKey: Guid(9698bf8c158a1c93393f4ea27600d400) Importer(815301076,1909f56bfc062723c751e8b465ee728b)
Start importing Assets/_Art/Sprites/Clothes/Icons.png using Guid(9698bf8c158a1c93393f4ea27600d400) Importer(815301076,1909f56bfc062723c751e8b465ee728b)  -> (artifact id: '414d77298d22ac1b87e233bbcea8c15d') in 0.041322 seconds
Number of updated asset objects reloaded before import = 0
Number of asset objects unloaded after import = 42
========================================================================
Received Import Request.
  Time since last request: 63.183411 seconds.
  path: Assets/_Art/Sprites/Clothes/Icons.png
  artifactKey: Guid(9698bf8c158a1c93393f4ea27600d400) Importer(815301076,1909f56bfc062723c751e8b465ee728b)
Start importing Assets/_Art/Sprites/Clothes/Icons.png using Guid(9698bf8c158a1c93393f4ea27600d400) Importer(815301076,1909f56bfc062723c751e8b465ee728b)  -> (artifact id: '9768fef4e767c6fb929c866292808411') in 0.042847 seconds
Number of updated asset objects reloaded before import = 0
Number of asset objects unloaded after import = 42
========================================================================
Received Import Request.
  Time since last request: 218.568009 seconds.
  path: Assets/_Art/Sprites/Clothes/Icons.png
  artifactKey: Guid(9698bf8c158a1c93393f4ea27600d400) Importer(815301076,1909f56bfc062723c751e8b465ee728b)
Start importing Assets/_Art/Sprites/Clothes/Icons.png using Guid(9698bf8c158a1c93393f4ea27600d400) Importer(815301076,1909f56bfc062723c751e8b465ee728b)  -> (artifact id: '5d542e71762c256e66cfb93b9faacd5c') in 0.043812 seconds
Number of updated asset objects reloaded before import = 0
Number of asset objects unloaded after import = 42
